<?xml version="1.0" encoding="UTF-8"?>
<!-- Generated by org.testng.reporters.JUnitReportReporter -->
<testsuite hostname="LAPTOP-4L58HUOG" failures="0" tests="1" name="vtiger.Practice.TC_Org_01" time="10.527" errors="0" timestamp="2023-07-29T16:00:00 IST" skipped="0">
  <testcase classname="vtiger.Practice.TC_Org_01" name="vTigerLoginTest" time="10.527"/>
</testsuite> <!-- vtiger.Practice.TC_Org_01 -->
