<?xml version="1.0" encoding="UTF-8"?>
<!-- Generated by org.testng.reporters.JUnitReportReporter -->
<testsuite hostname="LAPTOP-4L58HUOG" failures="0" tests="1" name="vtiger.OrganizationTests.CreateOrgWithIndustryTest" time="15.661" errors="0" timestamp="2023-08-22T13:42:55 IST" skipped="0">
  <testcase classname="vtiger.OrganizationTests.CreateOrgWithIndustryTest" name="createOrgwithIndustryTest" time="15.661"/>
</testsuite> <!-- vtiger.OrganizationTests.CreateOrgWithIndustryTest -->
