<?xml version="1.0" encoding="UTF-8"?>
<!-- Generated by org.testng.reporters.JUnitReportReporter -->
<testsuite hostname="LAPTOP-4L58HUOG" failures="0" tests="1" name="testNG.Practice.sampletestscript" time="0.010" errors="0" timestamp="2023-08-21T14:47:23 IST" skipped="0">
  <testcase classname="testNG.Practice.sampletestscript" name="sample" time="0.010"/>
</testsuite> <!-- testNG.Practice.sampletestscript -->
